# COMPASS Output Data File v1.0    Tue May 27 11:46:46 2008

#	(flow input from user data)
#	(planned spill input from user data)
#	(elevation input from user data)
#	stats: first, last, total out, mean, median, mode, std.dev, avg.flow

#		bypass out, spillway out, turbine out, transport out
#		total in, bypass in, spillway in, turbine in, transport in

alternative io-altern
years 1
games 2

year 0
release Chinook_1 Lower_Granite_Forebay 85
	smolt 40	stats  85 182	1249191.00	120.21	119.15	121.00	16.39	0.00	0.00	0.00	0.00	0.00	0.00	0.00	0.00	0.00	0.00	0.00	0.00	0.00	0.00

	river_segment Lower_Granite_Pool
	game 0	stats  85 182	1246134.00	120.74	119.67	121.50	16.38	0.00	0.00	0.00	0.00	0.00	0.00	0.00	1249191.00	0.00	0.00	0.00	0.00	0.00	0.00
	game 1	stats  85 182	1246134.00	120.74	119.67	121.50	16.38	0.00	0.00	0.00	0.00	0.00	0.00	0.00	1249191.00	0.00	0.00	0.00	0.00	0.00	0.00
	end river_segment (Lower_Granite_Pool)

	river_segment Lower_Granite_Dam
	game 0	stats  85 183	1191840.75	120.78	119.70	121.50	16.37	0.00	0.00	575666.25	69879.16	0.00	546295.38	0.00	1246133.75	0.00	587414.19	71305.28	0.00	587414.19	0.00
	game 1	stats  85 183	1191981.63	120.79	119.71	121.50	16.37	0.00	0.00	572901.88	75407.77	0.00	543672.06	0.00	1246133.75	0.00	584593.50	76946.73	0.00	584593.50	0.00
	end river_segment (Lower_Granite_Dam)

	river_segment Little_Goose_Pool
	game 0	stats  89 241	1150496.25	126.00	123.65	124.00	14.38	0.00	0.00	0.00	0.00	0.00	0.00	0.00	1191840.75	0.00	0.00	0.00	0.00	0.00	0.00
	game 1	stats  89 241	1150722.75	126.05	123.69	124.00	14.36	0.00	0.00	0.00	0.00	0.00	0.00	0.00	1191981.63	0.00	0.00	0.00	0.00	0.00	0.00
	end river_segment (Little_Goose_Pool)

	river_segment Little_Goose_Dam
	game 0	stats  89 241	1100240.63	126.04	123.69	124.00	14.38	0.00	0.00	534018.13	59449.49	0.00	506772.50	0.00	1150494.88	0.00	544916.13	60662.74	0.00	544916.13	0.00
	game 1	stats  89 241	1100993.88	126.10	123.73	124.00	14.36	0.00	0.00	523624.16	80460.35	0.00	496908.47	0.00	1150722.00	0.00	534310.06	82102.41	0.00	534310.06	0.00
	end river_segment (Little_Goose_Dam)

	river_segment Lower_Monumental_Pool
	game 0	stats  93 223	1066677.25	128.33	125.63	125.50	13.65	0.00	0.00	0.00	0.00	0.00	0.00	0.00	1100240.63	0.00	0.00	0.00	0.00	0.00	0.00
	game 1	stats  93 223	1068294.38	128.38	125.68	125.50	13.63	0.00	0.00	0.00	0.00	0.00	0.00	0.00	1100993.88	0.00	0.00	0.00	0.00	0.00	0.00
	end river_segment (Lower_Monumental_Pool)

	river_segment Lower_Monumental_Dam
	game 0	stats  93 222	996289.56	128.39	125.68	126.00	13.65	0.00	0.00	0.35	83893.13	0.00	912396.13	0.00	1066676.63	0.00	0.36	85605.23	0.00	981071.81	0.00
	game 1	stats  93 222	998170.94	128.43	125.73	126.00	13.63	0.00	0.00	0.34	91273.90	0.00	906896.38	0.00	1068294.88	0.00	0.35	93136.65	0.00	975158.63	0.00
	end river_segment (Lower_Monumental_Dam)

	river_segment Ice_Harbor_Pool
	game 0	stats  98 221	964350.19	130.44	127.64	122.50	13.13	0.00	0.00	0.00	0.00	0.00	0.00	0.00	996289.56	0.00	0.00	0.00	0.00	0.00	0.00
	game 1	stats  98 222	967036.38	130.47	127.68	122.50	13.12	0.00	0.00	0.00	0.00	0.00	0.00	0.00	998170.94	0.00	0.00	0.00	0.00	0.00	0.00
	end river_segment (Ice_Harbor_Pool)

	river_segment Ice_Harbor_Dam
	game 0	stats  98 221	925709.31	130.48	127.68	122.50	13.12	0.00	0.00	379347.19	186369.22	0.00	359992.78	0.00	964350.81	0.00	387088.94	190172.70	0.00	387088.94	0.00
	game 1	stats  98 221	928570.38	130.50	127.71	122.50	13.12	0.00	0.00	374861.00	197973.95	0.00	355735.38	0.00	967036.31	0.00	382510.97	202014.20	0.00	382510.97	0.00
	end river_segment (Ice_Harbor_Dam)

	river_segment Lower_Snake_River
	game 0	stats  99 222	913100.56	130.95	128.16	123.00	13.08	0.00	0.00	0.00	0.00	0.00	0.00	0.00	0.00	0.00	0.00	0.00	0.00	0.00	0.00
	game 1	stats  99 222	916315.81	130.97	128.19	123.00	13.07	0.00	0.00	0.00	0.00	0.00	0.00	0.00	0.00	0.00	0.00	0.00	0.00	0.00	0.00
	end river_segment (Lower_Snake_River)

	river_segment McNary_Pool
	game 0	stats 101 222	886359.25	132.44	129.70	124.50	12.84	0.00	0.00	0.00	0.00	0.00	0.00	0.00	913100.56	0.00	0.00	0.00	0.00	0.00	0.00
	game 1	stats 101 222	889949.31	132.43	129.73	123.50	12.85	0.00	0.00	0.00	0.00	0.00	0.00	0.00	916315.81	0.00	0.00	0.00	0.00	0.00	0.00
	end river_segment (McNary_Pool)

	river_segment McNary_Dam
	game 0	stats 101 222	852566.00	132.48	129.74	124.50	12.84	0.00	0.00	314899.28	238834.20	0.00	298832.59	0.00	886359.56	0.00	321325.81	243708.31	0.00	321325.81	0.00
	game 1	stats 101 222	856330.31	132.46	129.76	123.50	12.85	0.00	0.00	310069.53	252011.41	0.00	294249.53	0.00	889949.44	0.00	316397.44	257154.45	0.00	316397.44	0.00
	end river_segment (McNary_Dam)

	river_segment John_Day_Pool
	game 0	stats 106 225	783349.00	136.72	134.58	133.50	12.15	0.00	0.00	0.00	0.00	0.00	0.00	0.00	852566.00	0.00	0.00	0.00	0.00	0.00	0.00
	game 1	stats 106 225	787571.69	136.64	134.53	133.50	12.18	0.00	0.00	0.00	0.00	0.00	0.00	0.00	856330.31	0.00	0.00	0.00	0.00	0.00	0.00
	end river_segment (John_Day_Pool)

	river_segment John_Day_Dam
	game 0	stats 106 224	749415.31	136.76	134.63	133.50	12.15	0.00	0.00	358034.34	51613.71	0.00	339767.19	0.00	783349.00	0.00	365341.13	52667.04	0.00	365341.13	0.00
	game 1	stats 107 224	753076.06	136.69	134.57	133.50	12.18	0.00	0.00	367380.66	37058.43	0.00	348636.44	0.00	787570.81	0.00	374878.06	37814.74	0.00	374878.06	0.00
	end river_segment (John_Day_Dam)

	river_segment Deschutes_Confluence
	game 0	stats 107 225	741395.38	137.27	135.15	134.00	12.14	0.00	0.00	0.00	0.00	0.00	0.00	0.00	749415.31	0.00	0.00	0.00	0.00	0.00	0.00
	game 1	stats 107 225	745016.38	137.20	135.09	134.00	12.17	0.00	0.00	0.00	0.00	0.00	0.00	0.00	753076.06	0.00	0.00	0.00	0.00	0.00	0.00
	end river_segment (Deschutes_Confluence)

	river_segment The_Dalles_Pool
	game 0	stats 108 225	732577.50	137.85	135.78	134.50	12.10	0.00	0.00	0.00	0.00	0.00	0.00	0.00	741395.38	0.00	0.00	0.00	0.00	0.00	0.00
	game 1	stats 108 225	736155.88	137.78	135.72	134.50	12.14	0.00	0.00	0.00	0.00	0.00	0.00	0.00	745016.38	0.00	0.00	0.00	0.00	0.00	0.00
	end river_segment (The_Dalles_Pool)

	river_segment The_Dalles_Dam
	game 0	stats 108 225	702117.63	137.92	135.86	134.50	12.10	0.00	0.00	309819.03	98287.98	0.00	294011.25	0.00	732577.31	0.00	316141.75	100293.87	0.00	316141.75	0.00
	game 1	stats 108 225	705564.56	137.85	135.81	134.50	12.13	0.00	0.00	311020.44	99391.83	0.00	295151.91	0.00	736155.94	0.00	317367.78	101420.23	0.00	317367.78	0.00
	end river_segment (The_Dalles_Dam)

	river_segment Bonneville_Pool
	game 0	stats 109 226	688907.00	138.87	136.93	135.50	11.94	0.00	0.00	0.00	0.00	0.00	0.00	0.00	702117.63	0.00	0.00	0.00	0.00	0.00	0.00
	game 1	stats 109 226	692262.25	138.80	136.88	135.50	11.98	0.00	0.00	0.00	0.00	0.00	0.00	0.00	705564.56	0.00	0.00	0.00	0.00	0.00	0.00
	end river_segment (Bonneville_Pool)

	river_segment Bonneville_Dam
	game 0	stats 109 225	660441.69	138.91	136.99	135.50	11.94	0.00	0.00	287852.59	99423.08	0.00	273166.25	0.00	688906.44	0.00	293727.31	101452.12	0.00	293727.31	0.00
	game 1	stats 109 225	663556.38	138.84	136.94	135.50	11.97	0.00	0.00	291262.66	95891.51	0.00	276402.25	0.00	692262.31	0.00	297206.81	97848.47	0.00	297206.81	0.00
	end river_segment (Bonneville_Dam)

	river_segment Bonneville_Tailrace
	game 0	stats 110 225	657960.44	139.41	137.50	136.00	11.91	0.00	0.00	0.00	0.00	0.00	0.00	0.00	660441.69	0.00	0.00	0.00	0.00	0.00	0.00
	game 1	stats 110 225	661076.25	139.34	137.45	136.00	11.94	0.00	0.00	0.00	0.00	0.00	0.00	0.00	663556.38	0.00	0.00	0.00	0.00	0.00	0.00
	end river_segment (Bonneville_Tailrace)

	river_segment Columbia_Gorge
	game 0	stats 113 219	656563.38	141.29	139.45	138.50	11.68	0.00	0.00	0.00	0.00	0.00	0.00	0.00	0.00	0.00	0.00	0.00	0.00	0.00	0.00
	game 1	stats 113 219	659665.31	141.22	139.41	138.50	11.71	0.00	0.00	0.00	0.00	0.00	0.00	0.00	0.00	0.00	0.00	0.00	0.00	0.00	0.00
	end river_segment (Columbia_Gorge)

	river_segment Jones_Beach
	game 0	stats 115 219	655350.94	142.82	140.94	139.00	11.49	0.00	0.00	0.00	0.00	0.00	0.00	0.00	0.00	0.00	0.00	0.00	0.00	0.00	0.00
	game 1	stats 115 219	658440.06	142.75	140.89	139.00	11.52	0.00	0.00	0.00	0.00	0.00	0.00	0.00	0.00	0.00	0.00	0.00	0.00	0.00	0.00
	end river_segment (Jones_Beach)

	river_segment Estuary
	game 0	stats 118 219	653662.38	144.87	142.92	141.50	11.27	0.00	0.00	0.00	0.00	0.00	0.00	0.00	0.00	0.00	0.00	0.00	0.00	0.00	0.00
	game 1	stats 118 220	656746.63	144.79	142.88	141.50	11.30	0.00	0.00	0.00	0.00	0.00	0.00	0.00	0.00	0.00	0.00	0.00	0.00	0.00	0.00
	end river_segment (Estuary)

end release (Lower_Granite_Forebay)

